  AudioPlayer.cpp
  AudioPlayerComponent.cpp
  DirectoryExplorer.cpp
  DirectoryExplorerTreeViewItem.cpp
C:\Users\jacob\Documents\_REPOS\SamplifyPlus-JUCE\Source\Sample.h(44,24): warning C4100:  'null': unreferenced formal parameter (compiling source file ..\..\Source\DirectoryExplorerTreeViewItem.cpp)
C:\Users\jacob\Documents\_REPOS\SamplifyPlus-JUCE\Source\AudioPlayer.h(61,73): warning C4244:  'return': conversion from 'double' to 'float', possible loss of data (compiling source file ..\..\Source\DirectoryExplorerTreeViewItem.cpp)
C:\Users\jacob\Documents\_REPOS\SamplifyPlus-JUCE\Source\AudioPlayer.h(62,40): warning C4244:  'return': conversion from 'double' to 'float', possible loss of data (compiling source file ..\..\Source\DirectoryExplorerTreeViewItem.cpp)
C:\Users\jacob\Documents\_REPOS\SamplifyPlus-JUCE\Source\Sample.h(44,24): warning C4100:  'null': unreferenced formal parameter (compiling source file ..\..\Source\AudioPlayer.cpp)
C:\Users\jacob\Documents\_REPOS\SamplifyPlus-JUCE\Source\SampleTile.h(22,28): warning C4584:  'samplify::SampleTile': base-class 'juce::MouseListener' is already a base-class of 'juce::Component' (compiling source file ..\..\Source\DirectoryExplorerTreeViewItem.cpp)
C:\Users\jacob\Documents\JUCE\modules\juce_gui_basics\mouse\juce_MouseListener.h(39): message :  see declaration of 'juce::MouseListener' (compiling source file ..\..\Source\DirectoryExplorerTreeViewItem.cpp)
C:\Users\jacob\Documents\JUCE\modules\juce_gui_basics\components\juce_Component.h(36): message :  see declaration of 'juce::Component' (compiling source file ..\..\Source\DirectoryExplorerTreeViewItem.cpp)
C:\Users\jacob\Documents\_REPOS\SamplifyPlus-JUCE\Source\Sample.h(44,24): warning C4100:  'null': unreferenced formal parameter (compiling source file ..\..\Source\AudioPlayerComponent.cpp)
C:\Users\jacob\Documents\_REPOS\SamplifyPlus-JUCE\Source\AudioPlayer.h(61,73): warning C4244:  'return': conversion from 'double' to 'float', possible loss of data (compiling source file ..\..\Source\AudioPlayer.cpp)
C:\Users\jacob\Documents\_REPOS\SamplifyPlus-JUCE\Source\AudioPlayer.h(62,40): warning C4244:  'return': conversion from 'double' to 'float', possible loss of data (compiling source file ..\..\Source\AudioPlayer.cpp)
C:\Users\jacob\Documents\_REPOS\SamplifyPlus-JUCE\Source\SampleExplorer.h(45,31): warning C4100:  'button': unreferenced formal parameter (compiling source file ..\..\Source\DirectoryExplorerTreeViewItem.cpp)
C:\Users\jacob\Documents\_REPOS\SamplifyPlus-JUCE\Source\AudioPlayer.cpp(68,21): warning C4244:  'initializing': conversion from 'double' to 'float', possible loss of data
C:\Users\jacob\Documents\_REPOS\SamplifyPlus-JUCE\Source\AudioPlayer.h(61,73): warning C4244:  'return': conversion from 'double' to 'float', possible loss of data (compiling source file ..\..\Source\AudioPlayerComponent.cpp)
C:\Users\jacob\Documents\_REPOS\SamplifyPlus-JUCE\Source\AudioPlayer.h(62,40): warning C4244:  'return': conversion from 'double' to 'float', possible loss of data (compiling source file ..\..\Source\AudioPlayerComponent.cpp)
C:\Users\jacob\Documents\_REPOS\SamplifyPlus-JUCE\Source\AudioPlayer.cpp(69,15): warning C4244:  'initializing': conversion from 'double' to 'float', possible loss of data
C:\Users\jacob\Documents\_REPOS\SamplifyPlus-JUCE\Source\SamplifyLookAndFeel.h(31,46): warning C4305:  'initializing': truncation from 'double' to 'float' (compiling source file ..\..\Source\DirectoryExplorerTreeViewItem.cpp)
C:\Users\jacob\Documents\_REPOS\SamplifyPlus-JUCE\Source\DirectoryExplorerTreeViewItem.cpp(60,87): warning C4458:  declaration of 'y' hides class member
C:\Users\jacob\Documents\JUCE\modules\juce_gui_basics\widgets\juce_TreeView.h(587,9): message :  see declaration of 'juce::TreeViewItem::y' (compiling source file ..\..\Source\DirectoryExplorerTreeViewItem.cpp)
C:\Users\jacob\Documents\_REPOS\SamplifyPlus-JUCE\Source\DirectoryExplorerTreeViewItem.cpp(60,87): warning C4100:  'y': unreferenced formal parameter
C:\Users\jacob\Documents\_REPOS\SamplifyPlus-JUCE\Source\DirectoryExplorerTreeViewItem.cpp(60,80): warning C4100:  'x': unreferenced formal parameter
C:\Users\jacob\Documents\_REPOS\SamplifyPlus-JUCE\Source\DirectoryExplorerTreeViewItem.cpp(60,69): warning C4100:  'files': unreferenced formal parameter
C:\Users\jacob\Documents\_REPOS\SamplifyPlus-JUCE\Source\DirectoryExplorerTreeViewItem.cpp(91,40): warning C4244:  'argument': conversion from 'int' to 'float', possible loss of data
C:\Users\jacob\Documents\_REPOS\SamplifyPlus-JUCE\Source\DirectoryExplorerTreeViewItem.cpp(91,33): warning C4244:  'argument': conversion from 'int' to 'float', possible loss of data
C:\Users\jacob\Documents\_REPOS\SamplifyPlus-JUCE\Source\DirectoryExplorerTreeViewItem.cpp(93,40): warning C4244:  'argument': conversion from 'int' to 'float', possible loss of data
C:\Users\jacob\Documents\_REPOS\SamplifyPlus-JUCE\Source\DirectoryExplorerTreeViewItem.cpp(93,33): warning C4244:  'argument': conversion from 'int' to 'float', possible loss of data
C:\Users\jacob\Documents\_REPOS\SamplifyPlus-JUCE\Source\DirectoryExplorerTreeViewItem.cpp(247,19): warning C4458:  declaration of 'itemHeight' hides class member
C:\Users\jacob\Documents\JUCE\modules\juce_gui_basics\widgets\juce_TreeView.h(587,16): message :  see declaration of 'juce::TreeViewItem::itemHeight' (compiling source file ..\..\Source\DirectoryExplorerTreeViewItem.cpp)
C:\Users\jacob\Documents\_REPOS\SamplifyPlus-JUCE\Source\Sample.h(44,24): warning C4100:  'null': unreferenced formal parameter (compiling source file ..\..\Source\DirectoryExplorer.cpp)
C:\Users\jacob\Documents\_REPOS\SamplifyPlus-JUCE\Source\AudioPlayer.h(61,73): warning C4244:  'return': conversion from 'double' to 'float', possible loss of data (compiling source file ..\..\Source\DirectoryExplorer.cpp)
C:\Users\jacob\Documents\_REPOS\SamplifyPlus-JUCE\Source\AudioPlayer.h(62,40): warning C4244:  'return': conversion from 'double' to 'float', possible loss of data (compiling source file ..\..\Source\DirectoryExplorer.cpp)
  FilterExplorer.cpp
  Main.cpp
  Sample.cpp
  SampleContainer.cpp
C:\Users\jacob\Documents\_REPOS\SamplifyPlus-JUCE\Source\DirectoryExplorer.cpp(17,42): warning C4100:  'g': unreferenced formal parameter
C:\Users\jacob\Documents\_REPOS\SamplifyPlus-JUCE\Source\Sample.h(44,24): warning C4100:  'null': unreferenced formal parameter (compiling source file ..\..\Source\SampleContainer.cpp)
C:\Users\jacob\Documents\_REPOS\SamplifyPlus-JUCE\Source\Sample.h(44,24): warning C4100:  'null': unreferenced formal parameter (compiling source file ..\..\Source\Main.cpp)
C:\Users\jacob\Documents\_REPOS\SamplifyPlus-JUCE\Source\AudioPlayer.h(61,73): warning C4244:  'return': conversion from 'double' to 'float', possible loss of data (compiling source file ..\..\Source\SampleContainer.cpp)
C:\Users\jacob\Documents\_REPOS\SamplifyPlus-JUCE\Source\AudioPlayer.h(62,40): warning C4244:  'return': conversion from 'double' to 'float', possible loss of data (compiling source file ..\..\Source\SampleContainer.cpp)
C:\Users\jacob\Documents\_REPOS\SamplifyPlus-JUCE\Source\AudioPlayer.h(61,73): warning C4244:  'return': conversion from 'double' to 'float', possible loss of data (compiling source file ..\..\Source\Main.cpp)
C:\Users\jacob\Documents\_REPOS\SamplifyPlus-JUCE\Source\AudioPlayer.h(62,40): warning C4244:  'return': conversion from 'double' to 'float', possible loss of data (compiling source file ..\..\Source\Main.cpp)
C:\Users\jacob\Documents\_REPOS\SamplifyPlus-JUCE\Source\Sample.h(44,24): warning C4100:  'null': unreferenced formal parameter (compiling source file ..\..\Source\Sample.cpp)
C:\Users\jacob\Documents\_REPOS\SamplifyPlus-JUCE\Source\AudioPlayer.h(61,73): warning C4244:  'return': conversion from 'double' to 'float', possible loss of data (compiling source file ..\..\Source\Sample.cpp)
C:\Users\jacob\Documents\_REPOS\SamplifyPlus-JUCE\Source\AudioPlayer.h(62,40): warning C4244:  'return': conversion from 'double' to 'float', possible loss of data (compiling source file ..\..\Source\Sample.cpp)
C:\Users\jacob\Documents\_REPOS\SamplifyPlus-JUCE\Source\Sample.cpp(41,9): warning C4189:  'peak': local variable is initialized but not referenced
C:\Users\jacob\Documents\_REPOS\SamplifyPlus-JUCE\Source\Sample.cpp(56,57): warning C4100:  'source': unreferenced formal parameter
C:\Users\jacob\Documents\_REPOS\SamplifyPlus-JUCE\Source\SampleTile.h(22,28): warning C4584:  'samplify::SampleTile': base-class 'juce::MouseListener' is already a base-class of 'juce::Component' (compiling source file ..\..\Source\SampleContainer.cpp)
C:\Users\jacob\Documents\JUCE\modules\juce_gui_basics\mouse\juce_MouseListener.h(39): message :  see declaration of 'juce::MouseListener' (compiling source file ..\..\Source\SampleContainer.cpp)
C:\Users\jacob\Documents\JUCE\modules\juce_gui_basics\components\juce_Component.h(36): message :  see declaration of 'juce::Component' (compiling source file ..\..\Source\SampleContainer.cpp)
C:\Users\jacob\Documents\_REPOS\SamplifyPlus-JUCE\Source\Sample.cpp(86,6): warning C4189:  'savedVersion': local variable is initialized but not referenced
C:\Users\jacob\Documents\_REPOS\SamplifyPlus-JUCE\Source\SampleTile.h(22,28): warning C4584:  'samplify::SampleTile': base-class 'juce::MouseListener' is already a base-class of 'juce::Component' (compiling source file ..\..\Source\Main.cpp)
C:\Users\jacob\Documents\JUCE\modules\juce_gui_basics\mouse\juce_MouseListener.h(39): message :  see declaration of 'juce::MouseListener' (compiling source file ..\..\Source\Main.cpp)
C:\Users\jacob\Documents\JUCE\modules\juce_gui_basics\components\juce_Component.h(36): message :  see declaration of 'juce::Component' (compiling source file ..\..\Source\Main.cpp)
C:\Users\jacob\Documents\_REPOS\SamplifyPlus-JUCE\Source\SamplifyLookAndFeel.h(31,46): warning C4305:  'initializing': truncation from 'double' to 'float' (compiling source file ..\..\Source\SampleContainer.cpp)
C:\Users\jacob\Documents\_REPOS\SamplifyPlus-JUCE\Source\SampleContainer.cpp(9,1): warning C4005:  'JUCE_ENABLE_REPAINT_DEBUGGING': macro redefinition
C:\Users\jacob\Documents\JUCE\modules\juce_gui_basics\juce_gui_basics.h(67): message :  see previous definition of 'JUCE_ENABLE_REPAINT_DEBUGGING' (compiling source file ..\..\Source\SampleContainer.cpp)
C:\Users\jacob\Documents\_REPOS\SamplifyPlus-JUCE\Source\Sample.cpp(265,24): warning C4267:  'return': conversion from 'size_t' to 'int', possible loss of data
C:\Users\jacob\Documents\_REPOS\SamplifyPlus-JUCE\Source\SampleContainer.cpp(23,40): warning C4100:  'g': unreferenced formal parameter
C:\Users\jacob\Documents\_REPOS\SamplifyPlus-JUCE\Source\SampleContainer.cpp(39,14): warning C4244:  'initializing': conversion from 'float' to 'int', possible loss of data
C:\Users\jacob\Documents\_REPOS\SamplifyPlus-JUCE\Source\SampleContainer.cpp(42,31): warning C4018:  '<': signed/unsigned mismatch
C:\Users\jacob\Documents\_REPOS\SamplifyPlus-JUCE\Source\SampleContainer.cpp(42,61): warning C4018:  '<': signed/unsigned mismatch
C:\Users\jacob\Documents\_REPOS\SamplifyPlus-JUCE\Source\SampleContainer.cpp(61,16): warning C4244:  'argument': conversion from 'float' to 'int', possible loss of data
C:\Users\jacob\Documents\_REPOS\SamplifyPlus-JUCE\Source\SampleContainer.cpp(60,15): warning C4244:  'argument': conversion from 'float' to 'int', possible loss of data
C:\Users\jacob\Documents\_REPOS\SamplifyPlus-JUCE\Source\SampleContainer.cpp(59,24): warning C4244:  'argument': conversion from 'float' to 'int', possible loss of data
C:\Users\jacob\Documents\_REPOS\SamplifyPlus-JUCE\Source\SampleContainer.cpp(58,38): warning C4244:  'argument': conversion from 'float' to 'int', possible loss of data
C:\Users\jacob\Documents\_REPOS\SamplifyPlus-JUCE\Source\SampleContainer.cpp(115,42): warning C4244:  '=': conversion from 'int' to 'float', possible loss of data
C:\Users\jacob\Documents\_REPOS\SamplifyPlus-JUCE\Source\SampleContainer.cpp(121,16): warning C4244:  'return': conversion from 'float' to 'int', possible loss of data
C:\Users\jacob\Documents\_REPOS\SamplifyPlus-JUCE\Source\SampleContainer.cpp(111,6): warning C4189:  'columns': local variable is initialized but not referenced
C:\Users\jacob\Documents\_REPOS\SamplifyPlus-JUCE\Source\SampleContainer.cpp(129,43): warning C4267:  'return': conversion from 'size_t' to 'int', possible loss of data
C:\Users\jacob\Documents\_REPOS\SamplifyPlus-JUCE\Source\SampleExplorer.h(45,31): warning C4100:  'button': unreferenced formal parameter (compiling source file ..\..\Source\Main.cpp)
C:\Users\jacob\Documents\_REPOS\SamplifyPlus-JUCE\Source\SampleContainer.cpp(136,20): warning C4244:  'return': conversion from 'float' to 'int', possible loss of data
C:\Users\jacob\Documents\_REPOS\SamplifyPlus-JUCE\Source\Main.cpp(33,33): warning C4100:  'commandLine': unreferenced formal parameter
C:\Users\jacob\Documents\_REPOS\SamplifyPlus-JUCE\Source\Main.cpp(66,45): warning C4100:  'commandLine': unreferenced formal parameter
C:\Users\jacob\Documents\_REPOS\SamplifyPlus-JUCE\Source\Sample.h(44,24): warning C4100:  'null': unreferenced formal parameter (compiling source file ..\..\Source\FilterExplorer.cpp)
C:\Users\jacob\Documents\_REPOS\SamplifyPlus-JUCE\Source\AudioPlayer.h(61,73): warning C4244:  'return': conversion from 'double' to 'float', possible loss of data (compiling source file ..\..\Source\FilterExplorer.cpp)
C:\Users\jacob\Documents\_REPOS\SamplifyPlus-JUCE\Source\AudioPlayer.h(62,40): warning C4244:  'return': conversion from 'double' to 'float', possible loss of data (compiling source file ..\..\Source\FilterExplorer.cpp)
  SampleExplorer.cpp
  SampleLibrary.cpp
  SampleTile.cpp
  SamplifyMainComponent.cpp
C:\Users\jacob\Documents\_REPOS\SamplifyPlus-JUCE\Source\FilterExplorer.cpp(18,39): warning C4100:  'g': unreferenced formal parameter
C:\Users\jacob\Documents\_REPOS\SamplifyPlus-JUCE\Source\FilterExplorer.cpp(18,39): warning C4100: C:\Users\jacob\Documents\_REPOS\SamplifyPlus-JUCE\Source\Sample.cpp(373) : warning C4715: 'samplify::Sample::getSortBool': not all control paths return a value
C:\Users\jacob\Documents\_REPOS\SamplifyPlus-JUCE\Source\Sample.h(44,24): warning C4100:  'null': unreferenced formal parameter (compiling source file ..\..\Source\SampleLibrary.cpp)
C:\Users\jacob\Documents\_REPOS\SamplifyPlus-JUCE\Source\AudioPlayer.h(61,73): warning C4244:  'return': conversion from 'double' to 'float', possible loss of data (compiling source file ..\..\Source\SampleLibrary.cpp)
C:\Users\jacob\Documents\_REPOS\SamplifyPlus-JUCE\Source\AudioPlayer.h(62,40): warning C4244:  'return': conversion from 'double' to 'float', possible loss of data (compiling source file ..\..\Source\SampleLibrary.cpp)
C:\Users\jacob\Documents\_REPOS\SamplifyPlus-JUCE\Source\Sample.h(44,24): warning C4100:  'null': unreferenced formal parameter (compiling source file ..\..\Source\SampleExplorer.cpp)
C:\Users\jacob\Documents\_REPOS\SamplifyPlus-JUCE\Source\AudioPlayer.h(61,73): warning C4244:  'return': conversion from 'double' to 'float', possible loss of data (compiling source file ..\..\Source\SampleExplorer.cpp)
C:\Users\jacob\Documents\_REPOS\SamplifyPlus-JUCE\Source\AudioPlayer.h(62,40): warning C4244:  'return': conversion from 'double' to 'float', possible loss of data (compiling source file ..\..\Source\SampleExplorer.cpp)
C:\Users\jacob\Documents\_REPOS\SamplifyPlus-JUCE\Source\SampleTile.h(22,28): warning C4584:  'samplify::SampleTile': base-class 'juce::MouseListener' is already a base-class of 'juce::Component' (compiling source file ..\..\Source\SampleLibrary.cpp)
C:\Users\jacob\Documents\JUCE\modules\juce_gui_basics\mouse\juce_MouseListener.h(39): message :  see declaration of 'juce::MouseListener' (compiling source file ..\..\Source\SampleLibrary.cpp)
C:\Users\jacob\Documents\JUCE\modules\juce_gui_basics\components\juce_Component.h(36): message :  see declaration of 'juce::Component' (compiling source file ..\..\Source\SampleLibrary.cpp)
C:\Users\jacob\Documents\_REPOS\SamplifyPlus-JUCE\Source\Sample.h(44,24): warning C4100:  'null': unreferenced formal parameter (compiling source file ..\..\Source\SampleTile.cpp)
C:\Users\jacob\Documents\_REPOS\SamplifyPlus-JUCE\Source\SampleExplorer.h(45,31): warning C4100:  'button': unreferenced formal parameter (compiling source file ..\..\Source\SampleLibrary.cpp)
C:\Users\jacob\Documents\_REPOS\SamplifyPlus-JUCE\Source\SampleLibrary.cpp(67,12): warning C4244:  'argument': conversion from 'time_t' to 'unsigned int', possible loss of data
C:\Users\jacob\Documents\_REPOS\SamplifyPlus-JUCE\Source\AudioPlayer.h(61,73): warning C4244:  'return': conversion from 'double' to 'float', possible loss of data (compiling source file ..\..\Source\SampleTile.cpp)
C:\Users\jacob\Documents\_REPOS\SamplifyPlus-JUCE\Source\AudioPlayer.h(62,40): warning C4244:  'return': conversion from 'double' to 'float', possible loss of data (compiling source file ..\..\Source\SampleTile.cpp)
C:\Users\jacob\Documents\_REPOS\SamplifyPlus-JUCE\Source\SampleTile.h(22,28): warning C4584:  'samplify::SampleTile': base-class 'juce::MouseListener' is already a base-class of 'juce::Component' (compiling source file ..\..\Source\SampleExplorer.cpp)
C:\Users\jacob\Documents\JUCE\modules\juce_gui_basics\mouse\juce_MouseListener.h(39): message :  see declaration of 'juce::MouseListener' (compiling source file ..\..\Source\SampleExplorer.cpp)
C:\Users\jacob\Documents\JUCE\modules\juce_gui_basics\components\juce_Component.h(36): message :  see declaration of 'juce::Component' (compiling source file ..\..\Source\SampleExplorer.cpp)
C:\Users\jacob\Documents\_REPOS\SamplifyPlus-JUCE\Source\SampleLibrary.cpp(224,7): warning C4189:  'successful': local variable is initialized but not referenced
C:\Users\jacob\Documents\_REPOS\SamplifyPlus-JUCE\Source\SampleExplorer.h(45,31): warning C4100:  'button': unreferenced formal parameter (compiling source file ..\..\Source\SampleExplorer.cpp)
C:\Users\jacob\Documents\_REPOS\SamplifyPlus-JUCE\Source\SampleExplorer.cpp(31,39): warning C4100:  'g': unreferenced formal parameter
C:\Users\jacob\Documents\_REPOS\SamplifyPlus-JUCE\Source\SampleExplorer.cpp(54,64): warning C4100:  'source': unreferenced formal parameter
C:\Users\jacob\Documents\_REPOS\SamplifyPlus-JUCE\Source\SampleTile.h(22,28): warning C4584:  'samplify::SampleTile': base-class 'juce::MouseListener' is already a base-class of 'juce::Component' (compiling source file ..\..\Source\SampleTile.cpp)
C:\Users\jacob\Documents\JUCE\modules\juce_gui_basics\mouse\juce_MouseListener.h(39): message :  see declaration of 'juce::MouseListener' (compiling source file ..\..\Source\SampleTile.cpp)
C:\Users\jacob\Documents\JUCE\modules\juce_gui_basics\components\juce_Component.h(36): message :  see declaration of 'juce::Component' (compiling source file ..\..\Source\SampleTile.cpp)
C:\Users\jacob\Documents\_REPOS\SamplifyPlus-JUCE\Source\SamplifyLookAndFeel.h(31,46): warning C4305:  'initializing': truncation from 'double' to 'float' (compiling source file ..\..\Source\SampleTile.cpp)
C:\Users\jacob\Documents\_REPOS\SamplifyPlus-JUCE\Source\SampleExplorer.h(45,31): warning C4100:  'button': unreferenced formal parameter (compiling source file ..\..\Source\SampleTile.cpp)
C:\Users\jacob\Documents\_REPOS\SamplifyPlus-JUCE\Source\SampleTile.cpp(15,55): warning C4244:  'argument': conversion from 'float' to 'int', possible loss of data
C:\Users\jacob\Documents\_REPOS\SamplifyPlus-JUCE\Source\SampleTile.cpp(15,10): warning C4244:  'argument': conversion from 'const float' to 'int', possible loss of data
C:\Users\jacob\Documents\_REPOS\SamplifyPlus-JUCE\Source\SampleTile.cpp(55,12): warning C4244:  'argument': conversion from 'int' to 'float', possible loss of data
C:\Users\jacob\Documents\_REPOS\SamplifyPlus-JUCE\Source\SampleTile.cpp(160,7): warning C4189:  'selection': local variable is initialized but not referenced
C:\Users\jacob\Documents\_REPOS\SamplifyPlus-JUCE\Source\SampleTile.cpp(181,22): warning C4244:  'initializing': conversion from 'int' to 'float', possible loss of data
C:\Users\jacob\Documents\_REPOS\SamplifyPlus-JUCE\Source\SampleTile.cpp(168,7): warning C4189:  'widthSegment': local variable is initialized but not referenced
C:\Users\jacob\Documents\_REPOS\SamplifyPlus-JUCE\Source\SampleTile.cpp(169,7): warning C4189:  'heightSegment': local variable is initialized but not referenced
C:\Users\jacob\Documents\_REPOS\SamplifyPlus-JUCE\Source\SampleTile.cpp(208,56): warning C4100:  'e': unreferenced formal parameter
C:\Users\jacob\Documents\_REPOS\SamplifyPlus-JUCE\Source\SampleTile.cpp(218,47): warning C4100:  'e': unreferenced formal parameter
C:\Users\jacob\Documents\_REPOS\SamplifyPlus-JUCE\Source\SampleTile.cpp(261,60): warning C4100:  'source': unreferenced formal parameter
C:\Users\jacob\Documents\_REPOS\SamplifyPlus-JUCE\Source\SampleTile.cpp(311,38): warning C4244:  'argument': conversion from 'int' to 'ValueType', possible loss of data
C:\Users\jacob\Documents\_REPOS\SamplifyPlus-JUCE\Source\SampleTile.cpp(311,38): warning C4244:         with
C:\Users\jacob\Documents\_REPOS\SamplifyPlus-JUCE\Source\SampleTile.cpp(311,38): warning C4244:         [
C:\Users\jacob\Documents\_REPOS\SamplifyPlus-JUCE\Source\SampleTile.cpp(311,38): warning C4244:             ValueType=float
C:\Users\jacob\Documents\_REPOS\SamplifyPlus-JUCE\Source\SampleTile.cpp(311,38): warning C4244:         ]
C:\Users\jacob\Documents\_REPOS\SamplifyPlus-JUCE\Source\SampleTile.cpp(316,84): warning C4244:  'argument': conversion from 'int' to 'ValueType', possible loss of data
C:\Users\jacob\Documents\_REPOS\SamplifyPlus-JUCE\Source\SampleTile.cpp(316,84): warning C4244:         with
C:\Users\jacob\Documents\_REPOS\SamplifyPlus-JUCE\Source\SampleTile.cpp(316,84): warning C4244:         [
C:\Users\jacob\Documents\_REPOS\SamplifyPlus-JUCE\Source\SampleTile.cpp(316,84): warning C4244:             ValueType=float
C:\Users\jacob\Documents\_REPOS\SamplifyPlus-JUCE\Source\SampleTile.cpp(316,84): warning C4244:         ]
C:\Users\jacob\Documents\_REPOS\SamplifyPlus-JUCE\Source\SampleTile.cpp(316,68): warning C4244:  'argument': conversion from 'int' to 'ValueType', possible loss of data
C:\Users\jacob\Documents\_REPOS\SamplifyPlus-JUCE\Source\SampleTile.cpp(316,68): warning C4244:         with
C:\Users\jacob\Documents\_REPOS\SamplifyPlus-JUCE\Source\SampleTile.cpp(316,68): warning C4244:         [
C:\Users\jacob\Documents\_REPOS\SamplifyPlus-JUCE\Source\SampleTile.cpp(316,68): warning C4244:             ValueType=float
C:\Users\jacob\Documents\_REPOS\SamplifyPlus-JUCE\Source\SampleTile.cpp(316,68): warning C4244:         ]
C:\Users\jacob\Documents\_REPOS\SamplifyPlus-JUCE\Source\SampleTile.cpp(321,94): warning C4244:  'argument': conversion from 'int' to 'ValueType', possible loss of data
C:\Users\jacob\Documents\_REPOS\SamplifyPlus-JUCE\Source\SampleTile.cpp(321,94): warning C4244:         with
C:\Users\jacob\Documents\_REPOS\SamplifyPlus-JUCE\Source\SampleTile.cpp(321,94): warning C4244:         [
C:\Users\jacob\Documents\_REPOS\SamplifyPlus-JUCE\Source\SampleTile.cpp(321,94): warning C4244:             ValueType=float
C:\Users\jacob\Documents\_REPOS\SamplifyPlus-JUCE\Source\SampleTile.cpp(321,94): warning C4244:         ]
C:\Users\jacob\Documents\_REPOS\SamplifyPlus-JUCE\Source\SampleTile.cpp(321,80): warning C4244:  'argument': conversion from 'int' to 'ValueType', possible loss of data
C:\Users\jacob\Documents\_REPOS\SamplifyPlus-JUCE\Source\SampleTile.cpp(321,80): warning C4244:         with
C:\Users\jacob\Documents\_REPOS\SamplifyPlus-JUCE\Source\SampleTile.cpp(321,80): warning C4244:         [
C:\Users\jacob\Documents\_REPOS\SamplifyPlus-JUCE\Source\SampleTile.cpp(321,80): warning C4244:             ValueType=float
C:\Users\jacob\Documents\_REPOS\SamplifyPlus-JUCE\Source\SampleTile.cpp(321,80): warning C4244:         ]
C:\Users\jacob\Documents\_REPOS\SamplifyPlus-JUCE\Source\SampleTile.cpp(321,37): warning C4244:  'argument': conversion from 'int' to 'ValueType', possible loss of data
C:\Users\jacob\Documents\_REPOS\SamplifyPlus-JUCE\Source\SampleTile.cpp(321,37): warning C4244:         with
C:\Users\jacob\Documents\_REPOS\SamplifyPlus-JUCE\Source\SampleTile.cpp(321,37): warning C4244:         [
C:\Users\jacob\Documents\_REPOS\SamplifyPlus-JUCE\Source\SampleTile.cpp(321,37): warning C4244:             ValueType=float
C:\Users\jacob\Documents\_REPOS\SamplifyPlus-JUCE\Source\SampleTile.cpp(321,37): warning C4244:         ]
C:\Users\jacob\Documents\_REPOS\SamplifyPlus-JUCE\Source\SampleTile.cpp(327,45): warning C4244:  'argument': conversion from 'int' to 'ValueType', possible loss of data
C:\Users\jacob\Documents\_REPOS\SamplifyPlus-JUCE\Source\SampleTile.cpp(327,45): warning C4244:         with
C:\Users\jacob\Documents\_REPOS\SamplifyPlus-JUCE\Source\SampleTile.cpp(327,45): warning C4244:         [
C:\Users\jacob\Documents\_REPOS\SamplifyPlus-JUCE\Source\SampleTile.cpp(327,45): warning C4244:             ValueType=float
C:\Users\jacob\Documents\_REPOS\SamplifyPlus-JUCE\Source\SampleTile.cpp(327,45): warning C4244:         ]
C:\Users\jacob\Documents\_REPOS\SamplifyPlus-JUCE\Source\Sample.h(44,24): warning C4100:  'null': unreferenced formal parameter (compiling source file ..\..\Source\SamplifyMainComponent.cpp)
C:\Users\jacob\Documents\_REPOS\SamplifyPlus-JUCE\Source\AudioPlayer.h(61,73): warning C4244:  'return': conversion from 'double' to 'float', possible loss of data (compiling source file ..\..\Source\SamplifyMainComponent.cpp)
C:\Users\jacob\Documents\_REPOS\SamplifyPlus-JUCE\Source\AudioPlayer.h(62,40): warning C4244:  'return': conversion from 'double' to 'float', possible loss of data (compiling source file ..\..\Source\SamplifyMainComponent.cpp)
C:\Users\jacob\Documents\_REPOS\SamplifyPlus-JUCE\Source\SampleTile.h(22,28): warning C4584:  'samplify::SampleTile': base-class 'juce::MouseListener' is already a base-class of 'juce::Component' (compiling source file ..\..\Source\SamplifyMainComponent.cpp)
C:\Users\jacob\Documents\JUCE\modules\juce_gui_basics\mouse\juce_MouseListener.h(39): message :  see declaration of 'juce::MouseListener' (compiling source file ..\..\Source\SamplifyMainComponent.cpp)
C:\Users\jacob\Documents\JUCE\modules\juce_gui_basics\components\juce_Component.h(36): message :  see declaration of 'juce::Component' (compiling source file ..\..\Source\SamplifyMainComponent.cpp)
C:\Users\jacob\Documents\_REPOS\SamplifyPlus-JUCE\Source\SampleExplorer.h(45,31): warning C4100:  'button': unreferenced formal parameter (compiling source file ..\..\Source\SamplifyMainComponent.cpp)
C:\Users\jacob\Documents\_REPOS\SamplifyPlus-JUCE\Source\SamplifyLookAndFeel.h(31,46): warning C4305:  'initializing': truncation from 'double' to 'float' (compiling source file ..\..\Source\SamplifyMainComponent.cpp)
  SamplifyMenuBar.cpp
  SamplifyProperties.cpp
  TagExplorer.cpp
  TagTile.cpp
C:\Users\jacob\Documents\_REPOS\SamplifyPlus-JUCE\Source\SamplifyMainComponent.cpp(47,72): warning C4100:  'originatingComponent': unreferenced formal parameter
C:\Users\jacob\Documents\_REPOS\SamplifyPlus-JUCE\Source\SamplifyMainComponent.cpp(47,72): warning C4100: C:\Users\jacob\Documents\_REPOS\SamplifyPlus-JUCE\Source\Sample.h(183) : warning C4715: 'samplify::Sample::SortedLists::getSpecializedList': not all control paths return a value
C:\Users\jacob\Documents\_REPOS\SamplifyPlus-JUCE\Source\Sample.h(44,24): warning C4100:  'null': unreferenced formal parameter (compiling source file ..\..\Source\SamplifyMenuBar.cpp)
C:\Users\jacob\Documents\_REPOS\SamplifyPlus-JUCE\Source\AudioPlayer.h(61,73): warning C4244:  'return': conversion from 'double' to 'float', possible loss of data (compiling source file ..\..\Source\SamplifyMenuBar.cpp)
C:\Users\jacob\Documents\_REPOS\SamplifyPlus-JUCE\Source\AudioPlayer.h(62,40): warning C4244:  'return': conversion from 'double' to 'float', possible loss of data (compiling source file ..\..\Source\SamplifyMenuBar.cpp)
C:\Users\jacob\Documents\_REPOS\SamplifyPlus-JUCE\Source\SamplifyMenuBar.cpp(26,89): warning C4244:  'argument': conversion from 'double' to 'float', possible loss of data
C:\Users\jacob\Documents\_REPOS\SamplifyPlus-JUCE\Source\SamplifyMenuBar.cpp(14,61): warning C4100:  'topLevelMenuIndex': unreferenced formal parameter
C:\Users\jacob\Documents\_REPOS\SamplifyPlus-JUCE\Source\SamplifyMenuBar.cpp(64,74): warning C4100:  'menuName': unreferenced formal parameter
C:\Users\jacob\Documents\_REPOS\SamplifyPlus-JUCE\Source\Sample.h(44,24): warning C4100:  'null': unreferenced formal parameter (compiling source file ..\..\Source\SamplifyProperties.cpp)
C:\Users\jacob\Documents\_REPOS\SamplifyPlus-JUCE\Source\AudioPlayer.h(61,73): warning C4244:  'return': conversion from 'double' to 'float', possible loss of data (compiling source file ..\..\Source\SamplifyProperties.cpp)
C:\Users\jacob\Documents\_REPOS\SamplifyPlus-JUCE\Source\AudioPlayer.h(62,40): warning C4244:  'return': conversion from 'double' to 'float', possible loss of data (compiling source file ..\..\Source\SamplifyProperties.cpp)
C:\Users\jacob\Documents\_REPOS\SamplifyPlus-JUCE\Source\SampleTile.h(22,28): warning C4584:  'samplify::SampleTile': base-class 'juce::MouseListener' is already a base-class of 'juce::Component' (compiling source file ..\..\Source\SamplifyProperties.cpp)
C:\Users\jacob\Documents\JUCE\modules\juce_gui_basics\mouse\juce_MouseListener.h(39): message :  see declaration of 'juce::MouseListener' (compiling source file ..\..\Source\SamplifyProperties.cpp)
C:\Users\jacob\Documents\JUCE\modules\juce_gui_basics\components\juce_Component.h(36): message :  see declaration of 'juce::Component' (compiling source file ..\..\Source\SamplifyProperties.cpp)
C:\Users\jacob\Documents\_REPOS\SamplifyPlus-JUCE\Source\Sample.h(44,24): warning C4100:  'null': unreferenced formal parameter (compiling source file ..\..\Source\TagExplorer.cpp)
C:\Users\jacob\Documents\_REPOS\SamplifyPlus-JUCE\Source\SampleExplorer.h(45,31): warning C4100:  'button': unreferenced formal parameter (compiling source file ..\..\Source\SamplifyProperties.cpp)
C:\Users\jacob\Documents\_REPOS\SamplifyPlus-JUCE\Source\AudioPlayer.h(61,73): warning C4244:  'return': conversion from 'double' to 'float', possible loss of data (compiling source file ..\..\Source\TagExplorer.cpp)
C:\Users\jacob\Documents\_REPOS\SamplifyPlus-JUCE\Source\AudioPlayer.h(62,40): warning C4244:  'return': conversion from 'double' to 'float', possible loss of data (compiling source file ..\..\Source\TagExplorer.cpp)
C:\Users\jacob\Documents\_REPOS\SamplifyPlus-JUCE\Source\SamplifyLookAndFeel.h(31,46): warning C4305:  'initializing': truncation from 'double' to 'float' (compiling source file ..\..\Source\TagExplorer.cpp)
C:\Users\jacob\Documents\_REPOS\SamplifyPlus-JUCE\Source\TagExplorer.cpp(31,35): warning C4100:  'g': unreferenced formal parameter
C:\Users\jacob\Documents\_REPOS\SamplifyPlus-JUCE\Source\TagExplorer.cpp(57,64): warning C4244:  'argument': conversion from 'int' to 'ValueType', possible loss of data
C:\Users\jacob\Documents\_REPOS\SamplifyPlus-JUCE\Source\TagExplorer.cpp(57,64): warning C4244:         with
C:\Users\jacob\Documents\_REPOS\SamplifyPlus-JUCE\Source\TagExplorer.cpp(57,64): warning C4244:         [
C:\Users\jacob\Documents\_REPOS\SamplifyPlus-JUCE\Source\TagExplorer.cpp(57,64): warning C4244:             ValueType=float
C:\Users\jacob\Documents\_REPOS\SamplifyPlus-JUCE\Source\TagExplorer.cpp(57,64): warning C4244:         ]
C:\Users\jacob\Documents\_REPOS\SamplifyPlus-JUCE\Source\TagExplorer.cpp(61,65): warning C4244:  'argument': conversion from 'int' to 'ValueType', possible loss of data
C:\Users\jacob\Documents\_REPOS\SamplifyPlus-JUCE\Source\TagExplorer.cpp(61,65): warning C4244:         with
C:\Users\jacob\Documents\_REPOS\SamplifyPlus-JUCE\Source\TagExplorer.cpp(61,65): warning C4244:         [
C:\Users\jacob\Documents\_REPOS\SamplifyPlus-JUCE\Source\TagExplorer.cpp(61,65): warning C4244:             ValueType=float
C:\Users\jacob\Documents\_REPOS\SamplifyPlus-JUCE\Source\TagExplorer.cpp(61,65): warning C4244:         ]
C:\Users\jacob\Documents\_REPOS\SamplifyPlus-JUCE\Source\TagExplorer.cpp(65,64): warning C4244:  'argument': conversion from 'int' to 'ValueType', possible loss of data
C:\Users\jacob\Documents\_REPOS\SamplifyPlus-JUCE\Source\TagExplorer.cpp(65,64): warning C4244:         with
C:\Users\jacob\Documents\_REPOS\SamplifyPlus-JUCE\Source\TagExplorer.cpp(65,64): warning C4244:         [
C:\Users\jacob\Documents\_REPOS\SamplifyPlus-JUCE\Source\TagExplorer.cpp(65,64): warning C4244:             ValueType=float
C:\Users\jacob\Documents\_REPOS\SamplifyPlus-JUCE\Source\TagExplorer.cpp(65,64): warning C4244:         ]
C:\Users\jacob\Documents\_REPOS\SamplifyPlus-JUCE\Source\TagExplorer.cpp(113,24): warning C4244:  'argument': conversion from 'float' to 'int', possible loss of data
C:\Users\jacob\Documents\_REPOS\SamplifyPlus-JUCE\Source\TagExplorer.cpp(114,33): warning C4244:  'argument': conversion from 'float' to 'int', possible loss of data
C:\Users\jacob\Documents\_REPOS\SamplifyPlus-JUCE\Source\TagExplorer.cpp(117,30): warning C4244:  'argument': conversion from 'float' to 'int', possible loss of data
C:\Users\jacob\Documents\_REPOS\SamplifyPlus-JUCE\Source\TagExplorer.cpp(118,39): warning C4244:  'argument': conversion from 'float' to 'int', possible loss of data
C:\Users\jacob\Documents\_REPOS\SamplifyPlus-JUCE\Source\TagExplorer.cpp(121,33): warning C4244:  'argument': conversion from 'float' to 'int', possible loss of data
C:\Users\jacob\Documents\_REPOS\SamplifyPlus-JUCE\Source\TagExplorer.cpp(122,42): warning C4244:  'argument': conversion from 'float' to 'int', possible loss of data
C:\Users\jacob\Documents\_REPOS\SamplifyPlus-JUCE\Source\Sample.h(44,24): warning C4100:  'null': unreferenced formal parameter (compiling source file ..\..\Source\TagTile.cpp)
C:\Users\jacob\Documents\_REPOS\SamplifyPlus-JUCE\Source\AudioPlayer.h(61,73): warning C4244:  'return': conversion from 'double' to 'float', possible loss of data (compiling source file ..\..\Source\TagTile.cpp)
C:\Users\jacob\Documents\_REPOS\SamplifyPlus-JUCE\Source\AudioPlayer.h(62,40): warning C4244:  'return': conversion from 'double' to 'float', possible loss of data (compiling source file ..\..\Source\TagTile.cpp)
C:\Users\jacob\Documents\_REPOS\SamplifyPlus-JUCE\Source\SampleTile.h(22,28): warning C4584:  'samplify::SampleTile': base-class 'juce::MouseListener' is already a base-class of 'juce::Component' (compiling source file ..\..\Source\TagTile.cpp)
C:\Users\jacob\Documents\JUCE\modules\juce_gui_basics\mouse\juce_MouseListener.h(39): message :  see declaration of 'juce::MouseListener' (compiling source file ..\..\Source\TagTile.cpp)
C:\Users\jacob\Documents\JUCE\modules\juce_gui_basics\components\juce_Component.h(36): message :  see declaration of 'juce::Component' (compiling source file ..\..\Source\TagTile.cpp)
C:\Users\jacob\Documents\_REPOS\SamplifyPlus-JUCE\Source\SamplifyLookAndFeel.h(31,46): warning C4305:  'initializing': truncation from 'double' to 'float' (compiling source file ..\..\Source\TagTile.cpp)
C:\Users\jacob\Documents\_REPOS\SamplifyPlus-JUCE\Source\SampleExplorer.h(45,31): warning C4100:  'button': unreferenced formal parameter (compiling source file ..\..\Source\TagTile.cpp)
C:\Users\jacob\Documents\_REPOS\SamplifyPlus-JUCE\Source\TagTile.cpp(54,43): warning C4100:  'e': unreferenced formal parameter
C:\Users\jacob\Documents\_REPOS\SamplifyPlus-JUCE\Source\TagTile.cpp(114,43): warning C4100:  'e': unreferenced formal parameter
  SamplifyPlus_App.vcxproj -> C:\Users\jacob\Documents\_REPOS\SamplifyPlus-JUCE\Builds\VisualStudio2019\x64\Debug\App\SamplifyPlus.exe
