c:\users\jacob\documents\_repos\samplifyplus-juce\builds\visualstudio2019\x64\debug\app\tagcontainer.obj
c:\users\jacob\documents\_repos\samplifyplus-juce\builds\visualstudio2019\x64\debug\app\tagtile.obj
c:\users\jacob\documents\_repos\samplifyplus-juce\builds\visualstudio2019\x64\debug\app\sampleexplorer.obj
c:\users\jacob\documents\_repos\samplifyplus-juce\builds\visualstudio2019\x64\debug\app\audioplayer.obj
c:\users\jacob\documents\_repos\samplifyplus-juce\builds\visualstudio2019\x64\debug\app\include_danlin_fontawesome.obj
c:\users\jacob\documents\_repos\samplifyplus-juce\builds\visualstudio2019\x64\debug\app\include_juce_audio_utils.obj
c:\users\jacob\documents\_repos\samplifyplus-juce\builds\visualstudio2019\x64\debug\app\include_juce_data_structures.obj
c:\users\jacob\documents\_repos\samplifyplus-juce\builds\visualstudio2019\x64\debug\app\include_juce_gui_basics.obj
c:\users\jacob\documents\_repos\samplifyplus-juce\builds\visualstudio2019\x64\debug\app\tagexplorer.obj
c:\users\jacob\documents\_repos\samplifyplus-juce\builds\visualstudio2019\x64\debug\app\directoryexplorertreeviewitem.obj
c:\users\jacob\documents\_repos\samplifyplus-juce\builds\visualstudio2019\x64\debug\app\samplifymaincomponent.obj
c:\users\jacob\documents\_repos\samplifyplus-juce\builds\visualstudio2019\x64\debug\app\fonts.obj
c:\users\jacob\documents\_repos\samplifyplus-juce\builds\visualstudio2019\x64\debug\app\main.obj
c:\users\jacob\documents\_repos\samplifyplus-juce\builds\visualstudio2019\x64\debug\app\include_juce_audio_basics.obj
c:\users\jacob\documents\_repos\samplifyplus-juce\builds\visualstudio2019\x64\debug\app\include_juce_audio_formats.obj
c:\users\jacob\documents\_repos\samplifyplus-juce\builds\visualstudio2019\x64\debug\app\include_juce_cryptography.obj
c:\users\jacob\documents\_repos\samplifyplus-juce\builds\visualstudio2019\x64\debug\app\include_juce_events.obj
c:\users\jacob\documents\_repos\samplifyplus-juce\builds\visualstudio2019\x64\debug\app\include_juce_gui_extra.obj
c:\users\jacob\documents\_repos\samplifyplus-juce\builds\visualstudio2019\x64\debug\app\collectionexplorer.obj
c:\users\jacob\documents\_repos\samplifyplus-juce\builds\visualstudio2019\x64\debug\app\samplecontainer.obj
c:\users\jacob\documents\_repos\samplifyplus-juce\builds\visualstudio2019\x64\debug\app\sampletile.obj
c:\users\jacob\documents\_repos\samplifyplus-juce\builds\visualstudio2019\x64\debug\app\sampleaudiothumbnail.obj
c:\users\jacob\documents\_repos\samplifyplus-juce\builds\visualstudio2019\x64\debug\app\include_juce_audio_devices.obj
c:\users\jacob\documents\_repos\samplifyplus-juce\builds\visualstudio2019\x64\debug\app\include_juce_core.obj
c:\users\jacob\documents\_repos\samplifyplus-juce\builds\visualstudio2019\x64\debug\app\include_juce_opengl.obj
c:\users\jacob\documents\_repos\samplifyplus-juce\builds\visualstudio2019\x64\debug\app\include_juce_video.obj
c:\users\jacob\documents\_repos\samplifyplus-juce\builds\visualstudio2019\x64\debug\app\filterexplorer.obj
c:\users\jacob\documents\_repos\samplifyplus-juce\builds\visualstudio2019\x64\debug\app\directoryexplorer.obj
c:\users\jacob\documents\_repos\samplifyplus-juce\builds\visualstudio2019\x64\debug\app\samplifymenubar.obj
c:\users\jacob\documents\_repos\samplifyplus-juce\builds\visualstudio2019\x64\debug\app\samplifyproperties.obj
c:\users\jacob\documents\_repos\samplifyplus-juce\builds\visualstudio2019\x64\debug\app\include_juce_audio_processors.obj
c:\users\jacob\documents\_repos\samplifyplus-juce\builds\visualstudio2019\x64\debug\app\include_juce_graphics.obj
c:\users\jacob\documents\_repos\samplifyplus-juce\builds\visualstudio2019\x64\debug\app\include_juce_product_unlocking.obj
c:\users\jacob\documents\_repos\samplifyplus-juce\builds\visualstudio2019\x64\debug\app\samplelibrary.obj
c:\users\jacob\documents\_repos\samplifyplus-juce\builds\visualstudio2019\x64\debug\app\sample.obj
c:\users\jacob\documents\_repos\samplifyplus-juce\builds\visualstudio2019\x64\debug\app\audioplayercomponent.obj
c:\users\jacob\documents\_repos\samplifyplus-juce\builds\visualstudio2019\x64\debug\app\vc142.pdb
c:\users\jacob\documents\_repos\samplifyplus-juce\builds\visualstudio2019\x64\debug\app\samplifyplus.exe
c:\users\jacob\documents\_repos\samplifyplus-juce\builds\visualstudio2019\x64\debug\app\samplifyplus.ilk
c:\users\jacob\documents\_repos\samplifyplus-juce\builds\visualstudio2019\x64\debug\app\samplifyplus.pdb
c:\users\jacob\documents\_repos\samplifyplus-juce\builds\visualstudio2019\x64\debug\app\resources.res
c:\users\jacob\documents\_repos\samplifyplus-juce\builds\visualstudio2019\x64\debug\app\samplifyplus_app.tlog\cl.command.1.tlog
c:\users\jacob\documents\_repos\samplifyplus-juce\builds\visualstudio2019\x64\debug\app\samplifyplus_app.tlog\cl.read.1.tlog
c:\users\jacob\documents\_repos\samplifyplus-juce\builds\visualstudio2019\x64\debug\app\samplifyplus_app.tlog\cl.write.1.tlog
c:\users\jacob\documents\_repos\samplifyplus-juce\builds\visualstudio2019\x64\debug\app\samplifyplus_app.tlog\link.14332.delete.1.tlog
c:\users\jacob\documents\_repos\samplifyplus-juce\builds\visualstudio2019\x64\debug\app\samplifyplus_app.tlog\link.command.1.tlog
c:\users\jacob\documents\_repos\samplifyplus-juce\builds\visualstudio2019\x64\debug\app\samplifyplus_app.tlog\link.read.1.tlog
c:\users\jacob\documents\_repos\samplifyplus-juce\builds\visualstudio2019\x64\debug\app\samplifyplus_app.tlog\link.write.1.tlog
c:\users\jacob\documents\_repos\samplifyplus-juce\builds\visualstudio2019\x64\debug\app\samplifyplus_app.tlog\rc.command.1.tlog
c:\users\jacob\documents\_repos\samplifyplus-juce\builds\visualstudio2019\x64\debug\app\samplifyplus_app.tlog\rc.read.1.tlog
c:\users\jacob\documents\_repos\samplifyplus-juce\builds\visualstudio2019\x64\debug\app\samplifyplus_app.tlog\rc.write.1.tlog
